<?xml version="1.0" encoding="UTF-8"?>
<!-- Generated by org.testng.reporters.JUnitReportReporter -->
<testsuite hostname="LAP122" name="Script_Pending.pendingcheck" tests="1" failures="0" timestamp="17 Mar 2017 09:29:35 GMT" time="47.744" errors="0">
  <testcase name="loginvalidcheck" time="47.744" classname="Script_Pending.pendingcheck"/>
</testsuite>
