<?xml version="1.0" encoding="UTF-8"?>
<!-- Generated by org.testng.reporters.JUnitReportReporter -->
<testsuite hostname="LAP122" name="Script_subscription.subscriptioncheck" tests="2" failures="0" timestamp="3 Apr 2017 04:32:21 GMT" time="69.621" errors="0">
  <testcase name="loginvalidcheck" time="39.873" classname="Script_subscription.subscriptioncheck"/>
  <testcase name="loginvalidcheck" time="29.748" classname="Script_subscription.subscriptioncheck"/>
</testsuite>
