<?xml version="1.0" encoding="UTF-8"?>
<!-- Generated by org.testng.reporters.JUnitReportReporter -->
<testsuite hostname="LAP122" name="Scripts.Dashboard_Script" tests="1" failures="0" timestamp="21 Mar 2017 12:08:35 GMT" time="47.658" errors="0">
  <testcase name="logincheck" time="47.658" classname="Scripts.Dashboard_Script"/>
</testsuite>
